0 info it worked if it ends with ok
1 verbose cli [ '/usr/bin/node',
1 verbose cli   '/home/anttileppa/git/metodix/edelphi/rest-spec/node_modules/.bin/npm',
1 verbose cli   'run',
1 verbose cli   'build' ]
2 info using npm@2.15.12
3 info using node@v11.15.0
4 verbose run-script [ 'prebuild', 'build', 'postbuild' ]
5 info prebuild edelphi-client@1.0.14
6 info build edelphi-client@1.0.14
7 verbose unsafe-perm in lifecycle true
8 info edelphi-client@1.0.14 Failed to exec build script
9 verbose stack Error: edelphi-client@1.0.14 build: `tsc --outDir dist/`
9 verbose stack Exit status 1
9 verbose stack     at EventEmitter.<anonymous> (/home/anttileppa/git/metodix/edelphi/rest-spec/node_modules/npm/lib/utils/lifecycle.js:217:16)
9 verbose stack     at EventEmitter.emit (events.js:193:13)
9 verbose stack     at ChildProcess.<anonymous> (/home/anttileppa/git/metodix/edelphi/rest-spec/node_modules/npm/lib/utils/spawn.js:24:14)
9 verbose stack     at ChildProcess.emit (events.js:193:13)
9 verbose stack     at maybeClose (internal/child_process.js:999:16)
9 verbose stack     at Process.ChildProcess._handle.onexit (internal/child_process.js:266:5)
10 verbose pkgid edelphi-client@1.0.14
11 verbose cwd /home/anttileppa/git/metodix/edelphi/rest-spec/typescript-client-generated
12 error Linux 4.18.0-18-generic
13 error argv "/usr/bin/node" "/home/anttileppa/git/metodix/edelphi/rest-spec/node_modules/.bin/npm" "run" "build"
14 error node v11.15.0
15 error npm  v2.15.12
16 error code ELIFECYCLE
17 error edelphi-client@1.0.14 build: `tsc --outDir dist/`
17 error Exit status 1
18 error Failed at the edelphi-client@1.0.14 build script 'tsc --outDir dist/'.
18 error This is most likely a problem with the edelphi-client package,
18 error not with npm itself.
18 error Tell the author that this fails on your system:
18 error     tsc --outDir dist/
18 error You can get information on how to open an issue for this project with:
18 error     npm bugs edelphi-client
18 error Or if that isn't available, you can get their info via:
18 error
18 error     npm owner ls edelphi-client
18 error There is likely additional logging output above.
19 verbose exit [ 1, true ]
